<!DOCTYPE html>
<html>
<head>
<meta http-equiv="Content-Type" content="text/html; charset=utf-8"/>
<meta http-equiv="x-ua-compatible" content="IE=edge"/>
<title>Test results - Class FirstGebSpockTestSpecif</title>
<link href="../css/base-style.css" rel="stylesheet" type="text/css"/>
<link href="../css/style.css" rel="stylesheet" type="text/css"/>
<script src="../js/report.js" type="text/javascript"></script>
</head>
<body>
<div id="content">
<h1>Class FirstGebSpockTestSpecif</h1>
<div class="breadcrumbs">
<a href="../index.html">all</a> &gt; 
<a href="../packages/default-package.html">default-package</a> &gt; FirstGebSpockTestSpecif</div>
<div id="summary">
<table>
<tr>
<td>
<div class="summaryGroup">
<table>
<tr>
<td>
<div class="infoBox" id="tests">
<div class="counter">1</div>
<p>tests</p>
</div>
</td>
<td>
<div class="infoBox" id="failures">
<div class="counter">1</div>
<p>failures</p>
</div>
</td>
<td>
<div class="infoBox" id="ignored">
<div class="counter">0</div>
<p>ignored</p>
</div>
</td>
<td>
<div class="infoBox" id="duration">
<div class="counter">12.390s</div>
<p>duration</p>
</div>
</td>
</tr>
</table>
</div>
</td>
<td>
<div class="infoBox failures" id="successRate">
<div class="percent">0%</div>
<p>successful</p>
</div>
</td>
</tr>
</table>
</div>
<div id="tabs">
<ul class="tabLinks">
<li>
<a href="#tab0">Failed tests</a>
</li>
<li>
<a href="#tab1">Tests</a>
</li>
<li>
<a href="#tab2">Standard output</a>
</li>
<li>
<a href="#tab3">Standard error</a>
</li>
</ul>
<div id="tab0" class="tab">
<h2>Failed tests</h2>
<div class="test">
<a name="Fill Contact us form and click on Sumit button"></a>
<h3 class="failures">Fill Contact us form and click on Sumit button</h3>
<span class="code">
<pre>geb.driver.DriverCreationException: failed to create driver from callback 'GebConfig$_run_closure3@787ae00d'
	at geb.driver.CallbackDriverFactory.getDriver(CallbackDriverFactory.groovy:35)
	at geb.driver.CachingDriverFactory.getDriver_closure4(CachingDriverFactory.groovy:57)
	at geb.driver.CachingDriverFactory.getDriver_closure4(CachingDriverFactory.groovy)
	at geb.driver.CachingDriverFactory$SimpleCache.get(CachingDriverFactory.groovy:81)
	at geb.driver.CachingDriverFactory.getDriver(CachingDriverFactory.groovy:56)
	at geb.Configuration.createDriver(Configuration.groovy:675)
	at geb.Configuration.getDriver(Configuration.groovy:353)
	at geb.Browser.getDriver(Browser.groovy:160)
	at geb.navigator.factory.BrowserBackedNavigatorFactory.&lt;init&gt;(BrowserBackedNavigatorFactory.groovy:31)
	at geb.Configuration.createNavigatorFactory(Configuration.groovy:413)
	at geb.Browser.createNavigatorFactory(Browser.groovy:982)
	at geb.Browser.getNavigatorFactory(Browser.groovy:170)
	at geb.Page.init(Page.groovy:143)
	at geb.Browser.initialisePage(Browser.groovy:1116)
	at geb.Browser.createPage(Browser.groovy:829)
	at geb.Browser.to(Browser.groovy:537)
	at geb.Browser.to(Browser.groovy:526)
	at geb.spock.GebSpec.methodMissing(GebSpec.groovy:60)
	at FirstGebSpockTestSpecif.Fill Contact us form and click on Sumit button(FirstGebSpockTestSpecif.groovy:19)
Caused by: java.lang.IllegalStateException: The driver executable does not exist: E:\Billy Yang\github\GebSpockUdemyBilly\..\resources\chromedriver.exe
	at com.google.common.base.Preconditions.checkState(Preconditions.java:585)
	at org.openqa.selenium.remote.service.DriverService.checkExecutable(DriverService.java:146)
	at org.openqa.selenium.remote.service.DriverService.findExecutable(DriverService.java:141)
	at org.openqa.selenium.chrome.ChromeDriverService.access$000(ChromeDriverService.java:35)
	at org.openqa.selenium.chrome.ChromeDriverService$Builder.findDefaultExecutable(ChromeDriverService.java:159)
	at org.openqa.selenium.remote.service.DriverService$Builder.build(DriverService.java:355)
	at org.openqa.selenium.chrome.ChromeDriverService.createDefaultService(ChromeDriverService.java:94)
	at org.openqa.selenium.chrome.ChromeDriver.&lt;init&gt;(ChromeDriver.java:123)
	at GebConfig.run_closure3(GebConfig.groovy:40)
	at GebConfig.run_closure3(GebConfig.groovy)
	at geb.driver.CallbackDriverFactory.getDriver(CallbackDriverFactory.groovy:29)
	... 18 more
</pre>
</span>
<span class="code">
<pre>geb.driver.DriverCreationException: failed to create driver from callback 'GebConfig$_run_closure3@787ae00d'
	at geb.driver.CallbackDriverFactory.getDriver(CallbackDriverFactory.groovy:35)
	at geb.driver.CachingDriverFactory.getDriver_closure4(CachingDriverFactory.groovy:57)
	at geb.driver.CachingDriverFactory.getDriver_closure4(CachingDriverFactory.groovy)
	at geb.driver.CachingDriverFactory$SimpleCache.get(CachingDriverFactory.groovy:81)
	at geb.driver.CachingDriverFactory.getDriver(CachingDriverFactory.groovy:56)
	at geb.Configuration.createDriver(Configuration.groovy:675)
	at geb.Configuration.getDriver(Configuration.groovy:353)
	at geb.Browser.getDriver(Browser.groovy:160)
	at geb.Browser.clearCookies(Browser.groovy:630)
	at geb.Browser.clearCookiesQuietly(Browser.groovy:638)
	at geb.spock.GebSpec.resetBrowser(GebSpec.groovy:51)
	at geb.spock.GebSpec.cleanup(GebSpec.groovy:73)
Caused by: java.lang.IllegalStateException: The driver executable does not exist: E:\Billy Yang\github\GebSpockUdemyBilly\..\resources\chromedriver.exe
	at com.google.common.base.Preconditions.checkState(Preconditions.java:585)
	at org.openqa.selenium.remote.service.DriverService.checkExecutable(DriverService.java:146)
	at org.openqa.selenium.remote.service.DriverService.findExecutable(DriverService.java:141)
	at org.openqa.selenium.chrome.ChromeDriverService.access$000(ChromeDriverService.java:35)
	at org.openqa.selenium.chrome.ChromeDriverService$Builder.findDefaultExecutable(ChromeDriverService.java:159)
	at org.openqa.selenium.remote.service.DriverService$Builder.build(DriverService.java:355)
	at org.openqa.selenium.chrome.ChromeDriverService.createDefaultService(ChromeDriverService.java:94)
	at org.openqa.selenium.chrome.ChromeDriver.&lt;init&gt;(ChromeDriver.java:123)
	at GebConfig.run_closure3(GebConfig.groovy:40)
	at GebConfig.run_closure3(GebConfig.groovy)
	at geb.driver.CallbackDriverFactory.getDriver(CallbackDriverFactory.groovy:29)
	... 11 more
</pre>
</span>
</div>
</div>
<div id="tab1" class="tab">
<h2>Tests</h2>
<table>
<thead>
<tr>
<th>Test</th>
<th>Duration</th>
<th>Result</th>
</tr>
</thead>
<tr>
<td class="failures">Fill Contact us form and click on Sumit button</td>
<td class="failures">12.390s</td>
<td class="failures">failed</td>
</tr>
</table>
</div>
<div id="tab2" class="tab">
<h2>Standard output</h2>
<span class="code">
<pre>We are in given block
</pre>
</span>
</div>
<div id="tab3" class="tab">
<h2>Standard error</h2>
<span class="code">
<pre>1582429280038	mozrunner::runner	INFO	Running command: &quot;C:\\Program Files\\Mozilla Firefox\\firefox.exe&quot; &quot;-marionette&quot; &quot;-foreground&quot; &quot;-no-remote&quot; &quot;-profile&quot; &quot;C:\\Users\\user\\AppData\\Local\\Temp\\rust_mozprofileMbDung&quot;
1582429281483	addons.webextension.doh-rollout@mozilla.org	WARN	Loading extension 'doh-rollout@mozilla.org': Reading manifest: Invalid extension permission: networkStatus
1582429284561	addons.webextension.screenshots@mozilla.org	WARN	Loading extension 'screenshots@mozilla.org': Reading manifest: Invalid extension permission: mozillaAddons
1582429284561	addons.webextension.screenshots@mozilla.org	WARN	Loading extension 'screenshots@mozilla.org': Reading manifest: Invalid extension permission: telemetry
1582429284561	addons.webextension.screenshots@mozilla.org	WARN	Loading extension 'screenshots@mozilla.org': Reading manifest: Invalid extension permission: resource://pdf.js/
1582429284561	addons.webextension.screenshots@mozilla.org	WARN	Loading extension 'screenshots@mozilla.org': Reading manifest: Invalid extension permission: about:reader*
JavaScript error: resource://gre/modules/XULStore.jsm, line 66: Error: Can't find profile directory.
1582429289177	Marionette	INFO	Listening on port 62399
1582429289534	Marionette	WARN	TLS certificate errors will be ignored for this session
Feb 22, 2020 10:41:29 PM org.openqa.selenium.remote.ProtocolHandshake createSession
INFO: Detected dialect: W3C
</pre>
</span>
</div>
</div>
<div id="footer">
<p>
<div>
<label class="hidden" id="label-for-line-wrapping-toggle" for="line-wrapping-toggle">Wrap lines
<input id="line-wrapping-toggle" type="checkbox" autocomplete="off"/>
</label>
</div>Generated by 
<a href="http://www.gradle.org">Gradle 4.10.3</a> at Feb 22, 2020 10:41:31 PM</p>
</div>
</div>
</body>
</html>
